nohup: ignoring input
2026-07-22 18:18:02,866 - httpx - INFO - HTTP Request: POST https://api.telegram.org/bot8770076033:AAGNZ-Obug4bN_Yb_MzPJzy2-La6fb_W7lg/getMe "HTTP/1.1 200 OK"
2026-07-22 18:18:02,952 - httpx - INFO - HTTP Request: POST https://api.telegram.org/bot8770076033:AAGNZ-Obug4bN_Yb_MzPJzy2-La6fb_W7lg/deleteWebhook "HTTP/1.1 200 OK"
2026-07-22 18:18:02,954 - telegram.ext.Application - INFO - Application started
2026-07-22 18:18:13,208 - httpx - INFO - HTTP Request: POST https://api.telegram.org/bot8770076033:AAGNZ-Obug4bN_Yb_MzPJzy2-La6fb_W7lg/getUpdates "HTTP/1.1 200 OK"
2026-07-22 18:18:23,297 - httpx - INFO - HTTP Request: POST https://api.telegram.org/bot8770076033:AAGNZ-Obug4bN_Yb_MzPJzy2-La6fb_W7lg/getUpdates "HTTP/1.1 200 OK"
2026-07-22 18:18:33,383 - httpx - INFO - HTTP Request: POST https://api.telegram.org/bot8770076033:AAGNZ-Obug4bN_Yb_MzPJzy2-La6fb_W7lg/getUpdates "HTTP/1.1 200 OK"
2026-07-22 18:18:43,485 - httpx - INFO - HTTP Request: POST https://api.telegram.org/bot8770076033:AAGNZ-Obug4bN_Yb_MzPJzy2-La6fb_W7lg/getUpdates "HTTP/1.1 200 OK"
2026-07-22 18:18:53,576 - httpx - INFO - HTTP Request: POST https://api.telegram.org/bot8770076033:AAGNZ-Obug4bN_Yb_MzPJzy2-La6fb_W7lg/getUpdates "HTTP/1.1 200 OK"
2026-07-22 18:19:03,669 - httpx - INFO - HTTP Request: POST https://api.telegram.org/bot8770076033:AAGNZ-Obug4bN_Yb_MzPJzy2-La6fb_W7lg/getUpdates "HTTP/1.1 200 OK"
2026-07-22 18:19:07,163 - httpx - INFO - HTTP Request: POST https://api.telegram.org/bot8770076033:AAGNZ-Obug4bN_Yb_MzPJzy2-La6fb_W7lg/getUpdates "HTTP/1.1 200 OK"
2026-07-22 18:19:07,170 - root - ERROR - Channel fallback error: httpx.ProxyError: 503 Service Unavailable
2026-07-22 18:19:17,251 - httpx - INFO - HTTP Request: POST https://api.telegram.org/bot8770076033:AAGNZ-Obug4bN_Yb_MzPJzy2-La6fb_W7lg/getUpdates "HTTP/1.1 200 OK"
2026-07-22 18:19:17,671 - httpx - INFO - HTTP Request: POST https://api.telegram.org/bot8770076033:AAGNZ-Obug4bN_Yb_MzPJzy2-La6fb_W7lg/getUpdates "HTTP/1.1 200 OK"
2026-07-22 18:19:17,957 - httpx - INFO - HTTP Request: POST https://api.telegram.org/bot8770076033:AAGNZ-Obug4bN_Yb_MzPJzy2-La6fb_W7lg/sendMessage "HTTP/1.1 200 OK"
2026-07-22 18:19:27,763 - httpx - INFO - HTTP Request: POST https://api.telegram.org/bot8770076033:AAGNZ-Obug4bN_Yb_MzPJzy2-La6fb_W7lg/getUpdates "HTTP/1.1 200 OK"
2026-07-22 18:19:37,849 - httpx - INFO - HTTP Request: POST https://api.telegram.org/bot8770076033:AAGNZ-Obug4bN_Yb_MzPJzy2-La6fb_W7lg/getUpdates "HTTP/1.1 200 OK"
2026-07-22 18:19:47,937 - httpx - INFO - HTTP Request: POST https://api.telegram.org/bot8770076033:AAGNZ-Obug4bN_Yb_MzPJzy2-La6fb_W7lg/getUpdates "HTTP/1.1 200 OK"
2026-07-22 18:19:48,678 - httpx - INFO - HTTP Request: POST https://api.telegram.org/bot8770076033:AAGNZ-Obug4bN_Yb_MzPJzy2-La6fb_W7lg/getUpdates "HTTP/1.1 200 OK"
2026-07-22 18:19:48,944 - httpx - INFO - HTTP Request: POST https://api.telegram.org/bot8770076033:AAGNZ-Obug4bN_Yb_MzPJzy2-La6fb_W7lg/answerCallbackQuery "HTTP/1.1 200 OK"
2026-07-22 18:19:49,090 - httpx - INFO - HTTP Request: POST https://api.telegram.org/bot8770076033:AAGNZ-Obug4bN_Yb_MzPJzy2-La6fb_W7lg/editMessageText "HTTP/1.1 200 OK"
2026-07-22 18:19:49,842 - httpx - INFO - HTTP Request: POST https://api.telegram.org/bot8770076033:AAGNZ-Obug4bN_Yb_MzPJzy2-La6fb_W7lg/getUpdates "HTTP/1.1 200 OK"
2026-07-22 18:19:49,965 - httpx - INFO - HTTP Request: POST https://api.telegram.org/bot8770076033:AAGNZ-Obug4bN_Yb_MzPJzy2-La6fb_W7lg/editMessageReplyMarkup "HTTP/1.1 200 OK"
2026-07-22 18:19:59,928 - httpx - INFO - HTTP Request: POST https://api.telegram.org/bot8770076033:AAGNZ-Obug4bN_Yb_MzPJzy2-La6fb_W7lg/getUpdates "HTTP/1.1 200 OK"
2026-07-22 18:20:10,012 - httpx - INFO - HTTP Request: POST https://api.telegram.org/bot8770076033:AAGNZ-Obug4bN_Yb_MzPJzy2-La6fb_W7lg/getUpdates "HTTP/1.1 200 OK"
2026-07-22 18:20:20,098 - httpx - INFO - HTTP Request: POST https://api.telegram.org/bot8770076033:AAGNZ-Obug4bN_Yb_MzPJzy2-La6fb_W7lg/getUpdates "HTTP/1.1 200 OK"
2026-07-22 18:20:30,186 - httpx - INFO - HTTP Request: POST https://api.telegram.org/bot8770076033:AAGNZ-Obug4bN_Yb_MzPJzy2-La6fb_W7lg/getUpdates "HTTP/1.1 200 OK"
2026-07-22 18:20:40,272 - httpx - INFO - HTTP Request: POST https://api.telegram.org/bot8770076033:AAGNZ-Obug4bN_Yb_MzPJzy2-La6fb_W7lg/getUpdates "HTTP/1.1 200 OK"
2026-07-22 18:20:50,361 - httpx - INFO - HTTP Request: POST https://api.telegram.org/bot8770076033:AAGNZ-Obug4bN_Yb_MzPJzy2-La6fb_W7lg/getUpdates "HTTP/1.1 200 OK"
2026-07-22 18:21:00,444 - httpx - INFO - HTTP Request: POST https://api.telegram.org/bot8770076033:AAGNZ-Obug4bN_Yb_MzPJzy2-La6fb_W7lg/getUpdates "HTTP/1.1 200 OK"
2026-07-22 18:21:10,527 - httpx - INFO - HTTP Request: POST https://api.telegram.org/bot8770076033:AAGNZ-Obug4bN_Yb_MzPJzy2-La6fb_W7lg/getUpdates "HTTP/1.1 200 OK"
2026-07-22 18:21:20,614 - httpx - INFO - HTTP Request: POST https://api.telegram.org/bot8770076033:AAGNZ-Obug4bN_Yb_MzPJzy2-La6fb_W7lg/getUpdates "HTTP/1.1 200 OK"
2026-07-22 18:21:30,696 - httpx - INFO - HTTP Request: POST https://api.telegram.org/bot8770076033:AAGNZ-Obug4bN_Yb_MzPJzy2-La6fb_W7lg/getUpdates "HTTP/1.1 200 OK"
2026-07-22 18:21:40,783 - httpx - INFO - HTTP Request: POST https://api.telegram.org/bot8770076033:AAGNZ-Obug4bN_Yb_MzPJzy2-La6fb_W7lg/getUpdates "HTTP/1.1 200 OK"
2026-07-22 18:21:50,871 - httpx - INFO - HTTP Request: POST https://api.telegram.org/bot8770076033:AAGNZ-Obug4bN_Yb_MzPJzy2-La6fb_W7lg/getUpdates "HTTP/1.1 200 OK"
2026-07-22 18:22:00,954 - httpx - INFO - HTTP Request: POST https://api.telegram.org/bot8770076033:AAGNZ-Obug4bN_Yb_MzPJzy2-La6fb_W7lg/getUpdates "HTTP/1.1 200 OK"
2026-07-22 18:22:11,040 - httpx - INFO - HTTP Request: POST https://api.telegram.org/bot8770076033:AAGNZ-Obug4bN_Yb_MzPJzy2-La6fb_W7lg/getUpdates "HTTP/1.1 200 OK"
2026-07-22 18:22:21,127 - httpx - INFO - HTTP Request: POST https://api.telegram.org/bot8770076033:AAGNZ-Obug4bN_Yb_MzPJzy2-La6fb_W7lg/getUpdates "HTTP/1.1 200 OK"
2026-07-22 18:22:22,915 - httpx - INFO - HTTP Request: POST https://api.telegram.org/bot8770076033:AAGNZ-Obug4bN_Yb_MzPJzy2-La6fb_W7lg/getUpdates "HTTP/1.1 200 OK"
2026-07-22 18:22:22,997 - httpx - INFO - HTTP Request: POST https://api.telegram.org/bot8770076033:AAGNZ-Obug4bN_Yb_MzPJzy2-La6fb_W7lg/getUpdates "HTTP/1.1 200 OK"
2026-07-22 18:22:23,284 - httpx - INFO - HTTP Request: POST https://api.telegram.org/bot8770076033:AAGNZ-Obug4bN_Yb_MzPJzy2-La6fb_W7lg/sendMessage "HTTP/1.1 200 OK"
2026-07-22 18:22:23,433 - httpx - INFO - HTTP Request: POST https://api.telegram.org/bot8770076033:AAGNZ-Obug4bN_Yb_MzPJzy2-La6fb_W7lg/getUpdates "HTTP/1.1 200 OK"
2026-07-22 18:22:33,517 - httpx - INFO - HTTP Request: POST https://api.telegram.org/bot8770076033:AAGNZ-Obug4bN_Yb_MzPJzy2-La6fb_W7lg/getUpdates "HTTP/1.1 200 OK"
2026-07-22 18:22:43,601 - httpx - INFO - HTTP Request: POST https://api.telegram.org/bot8770076033:AAGNZ-Obug4bN_Yb_MzPJzy2-La6fb_W7lg/getUpdates "HTTP/1.1 200 OK"
2026-07-22 18:22:45,465 - httpx - INFO - HTTP Request: POST https://api.telegram.org/bot8770076033:AAGNZ-Obug4bN_Yb_MzPJzy2-La6fb_W7lg/getUpdates "HTTP/1.1 200 OK"
2026-07-22 18:22:45,798 - httpx - INFO - HTTP Request: POST https://api.telegram.org/bot8770076033:AAGNZ-Obug4bN_Yb_MzPJzy2-La6fb_W7lg/sendMessage "HTTP/1.1 200 OK"
2026-07-22 18:22:55,558 - httpx - INFO - HTTP Request: POST https://api.telegram.org/bot8770076033:AAGNZ-Obug4bN_Yb_MzPJzy2-La6fb_W7lg/getUpdates "HTTP/1.1 200 OK"
2026-07-22 18:23:00,486 - httpx - INFO - HTTP Request: POST https://api.telegram.org/bot8770076033:AAGNZ-Obug4bN_Yb_MzPJzy2-La6fb_W7lg/getUpdates "HTTP/1.1 200 OK"
2026-07-22 18:23:00,756 - httpx - INFO - HTTP Request: POST https://api.telegram.org/bot8770076033:AAGNZ-Obug4bN_Yb_MzPJzy2-La6fb_W7lg/sendMessage "HTTP/1.1 200 OK"
2026-07-22 18:23:10,572 - httpx - INFO - HTTP Request: POST https://api.telegram.org/bot8770076033:AAGNZ-Obug4bN_Yb_MzPJzy2-La6fb_W7lg/getUpdates "HTTP/1.1 200 OK"
2026-07-22 18:23:20,657 - httpx - INFO - HTTP Request: POST https://api.telegram.org/bot8770076033:AAGNZ-Obug4bN_Yb_MzPJzy2-La6fb_W7lg/getUpdates "HTTP/1.1 200 OK"
2026-07-22 18:23:30,740 - httpx - INFO - HTTP Request: POST https://api.telegram.org/bot8770076033:AAGNZ-Obug4bN_Yb_MzPJzy2-La6fb_W7lg/getUpdates "HTTP/1.1 200 OK"
2026-07-22 18:23:40,827 - httpx - INFO - HTTP Request: POST https://api.telegram.org/bot8770076033:AAGNZ-Obug4bN_Yb_MzPJzy2-La6fb_W7lg/getUpdates "HTTP/1.1 200 OK"
2026-07-22 18:23:42,699 - httpx - INFO - HTTP Request: POST https://api.telegram.org/bot8770076033:AAGNZ-Obug4bN_Yb_MzPJzy2-La6fb_W7lg/getUpdates "HTTP/1.1 200 OK"
2026-07-22 18:23:42,996 - httpx - INFO - HTTP Request: POST https://api.telegram.org/bot8770076033:AAGNZ-Obug4bN_Yb_MzPJzy2-La6fb_W7lg/sendMessage "HTTP/1.1 200 OK"
2026-07-22 18:23:52,788 - httpx - INFO - HTTP Request: POST https://api.telegram.org/bot8770076033:AAGNZ-Obug4bN_Yb_MzPJzy2-La6fb_W7lg/getUpdates "HTTP/1.1 200 OK"
2026-07-22 18:23:56,474 - httpx - INFO - HTTP Request: POST https://api.telegram.org/bot8770076033:AAGNZ-Obug4bN_Yb_MzPJzy2-La6fb_W7lg/getUpdates "HTTP/1.1 200 OK"
2026-07-22 18:23:56,754 - httpx - INFO - HTTP Request: POST https://api.telegram.org/bot8770076033:AAGNZ-Obug4bN_Yb_MzPJzy2-La6fb_W7lg/sendMessage "HTTP/1.1 200 OK"
2026-07-22 18:24:03,849 - httpx - INFO - HTTP Request: POST https://api.telegram.org/bot8770076033:AAGNZ-Obug4bN_Yb_MzPJzy2-La6fb_W7lg/getUpdates "HTTP/1.1 200 OK"
2026-07-22 18:24:04,164 - httpx - INFO - HTTP Request: POST https://api.telegram.org/bot8770076033:AAGNZ-Obug4bN_Yb_MzPJzy2-La6fb_W7lg/sendMessage "HTTP/1.1 200 OK"
2026-07-22 18:24:13,462 - httpx - INFO - HTTP Request: POST https://api.telegram.org/bot8770076033:AAGNZ-Obug4bN_Yb_MzPJzy2-La6fb_W7lg/getUpdates "HTTP/1.1 200 OK"
2026-07-22 18:24:13,744 - httpx - INFO - HTTP Request: POST https://api.telegram.org/bot8770076033:AAGNZ-Obug4bN_Yb_MzPJzy2-La6fb_W7lg/getChat "HTTP/1.1 200 OK"
2026-07-22 18:24:13,903 - httpx - INFO - HTTP Request: POST https://api.telegram.org/bot8770076033:AAGNZ-Obug4bN_Yb_MzPJzy2-La6fb_W7lg/sendMessage "HTTP/1.1 200 OK"
2026-07-22 18:24:14,079 - httpx - INFO - HTTP Request: POST https://api.telegram.org/bot8770076033:AAGNZ-Obug4bN_Yb_MzPJzy2-La6fb_W7lg/sendMessage "HTTP/1.1 200 OK"
2026-07-22 18:24:23,548 - httpx - INFO - HTTP Request: POST https://api.telegram.org/bot8770076033:AAGNZ-Obug4bN_Yb_MzPJzy2-La6fb_W7lg/getUpdates "HTTP/1.1 200 OK"
2026-07-22 18:24:33,633 - httpx - INFO - HTTP Request: POST https://api.telegram.org/bot8770076033:AAGNZ-Obug4bN_Yb_MzPJzy2-La6fb_W7lg/getUpdates "HTTP/1.1 200 OK"
2026-07-22 18:24:43,719 - httpx - INFO - HTTP Request: POST https://api.telegram.org/bot8770076033:AAGNZ-Obug4bN_Yb_MzPJzy2-La6fb_W7lg/getUpdates "HTTP/1.1 200 OK"
2026-07-22 18:24:53,802 - httpx - INFO - HTTP Request: POST https://api.telegram.org/bot8770076033:AAGNZ-Obug4bN_Yb_MzPJzy2-La6fb_W7lg/getUpdates "HTTP/1.1 200 OK"
2026-07-22 18:25:03,891 - httpx - INFO - HTTP Request: POST https://api.telegram.org/bot8770076033:AAGNZ-Obug4bN_Yb_MzPJzy2-La6fb_W7lg/getUpdates "HTTP/1.1 200 OK"
2026-07-22 18:25:13,979 - httpx - INFO - HTTP Request: POST https://api.telegram.org/bot8770076033:AAGNZ-Obug4bN_Yb_MzPJzy2-La6fb_W7lg/getUpdates "HTTP/1.1 200 OK"
2026-07-22 18:25:24,064 - httpx - INFO - HTTP Request: POST https://api.telegram.org/bot8770076033:AAGNZ-Obug4bN_Yb_MzPJzy2-La6fb_W7lg/getUpdates "HTTP/1.1 200 OK"
2026-07-22 18:25:33,555 - httpx - INFO - HTTP Request: POST https://api.telegram.org/bot8770076033:AAGNZ-Obug4bN_Yb_MzPJzy2-La6fb_W7lg/getUpdates "HTTP/1.1 200 OK"
2026-07-22 18:25:34,034 - httpx - INFO - HTTP Request: POST https://api.telegram.org/bot8770076033:AAGNZ-Obug4bN_Yb_MzPJzy2-La6fb_W7lg/editMessageReplyMarkup "HTTP/1.1 400 Bad Request"
2026-07-22 18:25:34,347 - httpx - INFO - HTTP Request: POST https://api.telegram.org/bot8770076033:AAGNZ-Obug4bN_Yb_MzPJzy2-La6fb_W7lg/sendMessage "HTTP/1.1 200 OK"
2026-07-22 18:25:34,457 - httpx - INFO - HTTP Request: POST https://api.telegram.org/bot8770076033:AAGNZ-Obug4bN_Yb_MzPJzy2-La6fb_W7lg/editMessageReplyMarkup "HTTP/1.1 400 Bad Request"
2026-07-22 18:25:34,643 - httpx - INFO - HTTP Request: POST https://api.telegram.org/bot8770076033:AAGNZ-Obug4bN_Yb_MzPJzy2-La6fb_W7lg/sendMessage "HTTP/1.1 200 OK"
2026-07-22 18:25:34,770 - httpx - INFO - HTTP Request: POST https://api.telegram.org/bot8770076033:AAGNZ-Obug4bN_Yb_MzPJzy2-La6fb_W7lg/editMessageReplyMarkup "HTTP/1.1 400 Bad Request"
2026-07-22 18:25:41,996 - httpx - INFO - HTTP Request: POST https://api.telegram.org/bot8770076033:AAGNZ-Obug4bN_Yb_MzPJzy2-La6fb_W7lg/sendMessage "HTTP/1.1 200 OK"
2026-07-22 18:25:42,123 - httpx - INFO - HTTP Request: POST https://api.telegram.org/bot8770076033:AAGNZ-Obug4bN_Yb_MzPJzy2-La6fb_W7lg/editMessageReplyMarkup "HTTP/1.1 400 Bad Request"
2026-07-22 18:25:42,276 - httpx - INFO - HTTP Request: POST https://api.telegram.org/bot8770076033:AAGNZ-Obug4bN_Yb_MzPJzy2-La6fb_W7lg/sendMessage "HTTP/1.1 200 OK"
2026-07-22 18:25:43,644 - httpx - INFO - HTTP Request: POST https://api.telegram.org/bot8770076033:AAGNZ-Obug4bN_Yb_MzPJzy2-La6fb_W7lg/getUpdates "HTTP/1.1 200 OK"
2026-07-22 18:25:53,734 - httpx - INFO - HTTP Request: POST https://api.telegram.org/bot8770076033:AAGNZ-Obug4bN_Yb_MzPJzy2-La6fb_W7lg/getUpdates "HTTP/1.1 200 OK"
2026-07-22 18:26:03,822 - httpx - INFO - HTTP Request: POST https://api.telegram.org/bot8770076033:AAGNZ-Obug4bN_Yb_MzPJzy2-La6fb_W7lg/getUpdates "HTTP/1.1 200 OK"
2026-07-22 18:26:13,909 - httpx - INFO - HTTP Request: POST https://api.telegram.org/bot8770076033:AAGNZ-Obug4bN_Yb_MzPJzy2-La6fb_W7lg/getUpdates "HTTP/1.1 200 OK"
2026-07-22 18:26:23,994 - httpx - INFO - HTTP Request: POST https://api.telegram.org/bot8770076033:AAGNZ-Obug4bN_Yb_MzPJzy2-La6fb_W7lg/getUpdates "HTTP/1.1 200 OK"
2026-07-22 18:26:34,080 - httpx - INFO - HTTP Request: POST https://api.telegram.org/bot8770076033:AAGNZ-Obug4bN_Yb_MzPJzy2-La6fb_W7lg/getUpdates "HTTP/1.1 200 OK"
2026-07-22 18:26:44,177 - httpx - INFO - HTTP Request: POST https://api.telegram.org/bot8770076033:AAGNZ-Obug4bN_Yb_MzPJzy2-La6fb_W7lg/getUpdates "HTTP/1.1 200 OK"
2026-07-22 18:26:54,260 - httpx - INFO - HTTP Request: POST https://api.telegram.org/bot8770076033:AAGNZ-Obug4bN_Yb_MzPJzy2-La6fb_W7lg/getUpdates "HTTP/1.1 200 OK"
2026-07-22 18:27:04,344 - httpx - INFO - HTTP Request: POST https://api.telegram.org/bot8770076033:AAGNZ-Obug4bN_Yb_MzPJzy2-La6fb_W7lg/getUpdates "HTTP/1.1 200 OK"
2026-07-22 18:27:14,428 - httpx - INFO - HTTP Request: POST https://api.telegram.org/bot8770076033:AAGNZ-Obug4bN_Yb_MzPJzy2-La6fb_W7lg/getUpdates "HTTP/1.1 200 OK"
2026-07-22 18:27:24,516 - httpx - INFO - HTTP Request: POST https://api.telegram.org/bot8770076033:AAGNZ-Obug4bN_Yb_MzPJzy2-La6fb_W7lg/getUpdates "HTTP/1.1 200 OK"
2026-07-22 18:27:34,603 - httpx - INFO - HTTP Request: POST https://api.telegram.org/bot8770076033:AAGNZ-Obug4bN_Yb_MzPJzy2-La6fb_W7lg/getUpdates "HTTP/1.1 200 OK"
2026-07-22 18:27:44,688 - httpx - INFO - HTTP Request: POST https://api.telegram.org/bot8770076033:AAGNZ-Obug4bN_Yb_MzPJzy2-La6fb_W7lg/getUpdates "HTTP/1.1 200 OK"
2026-07-22 18:27:54,772 - httpx - INFO - HTTP Request: POST https://api.telegram.org/bot8770076033:AAGNZ-Obug4bN_Yb_MzPJzy2-La6fb_W7lg/getUpdates "HTTP/1.1 200 OK"
2026-07-22 18:28:04,862 - httpx - INFO - HTTP Request: POST https://api.telegram.org/bot8770076033:AAGNZ-Obug4bN_Yb_MzPJzy2-La6fb_W7lg/getUpdates "HTTP/1.1 200 OK"
2026-07-22 18:28:14,945 - httpx - INFO - HTTP Request: POST https://api.telegram.org/bot8770076033:AAGNZ-Obug4bN_Yb_MzPJzy2-La6fb_W7lg/getUpdates "HTTP/1.1 200 OK"
2026-07-22 18:28:25,039 - httpx - INFO - HTTP Request: POST https://api.telegram.org/bot8770076033:AAGNZ-Obug4bN_Yb_MzPJzy2-La6fb_W7lg/getUpdates "HTTP/1.1 200 OK"
2026-07-22 18:28:35,127 - httpx - INFO - HTTP Request: POST https://api.telegram.org/bot8770076033:AAGNZ-Obug4bN_Yb_MzPJzy2-La6fb_W7lg/getUpdates "HTTP/1.1 200 OK"
2026-07-22 18:28:45,212 - httpx - INFO - HTTP Request: POST https://api.telegram.org/bot8770076033:AAGNZ-Obug4bN_Yb_MzPJzy2-La6fb_W7lg/getUpdates "HTTP/1.1 200 OK"
2026-07-22 18:28:55,300 - httpx - INFO - HTTP Request: POST https://api.telegram.org/bot8770076033:AAGNZ-Obug4bN_Yb_MzPJzy2-La6fb_W7lg/getUpdates "HTTP/1.1 200 OK"
2026-07-22 18:29:05,385 - httpx - INFO - HTTP Request: POST https://api.telegram.org/bot8770076033:AAGNZ-Obug4bN_Yb_MzPJzy2-La6fb_W7lg/getUpdates "HTTP/1.1 200 OK"
2026-07-22 18:29:15,477 - httpx - INFO - HTTP Request: POST https://api.telegram.org/bot8770076033:AAGNZ-Obug4bN_Yb_MzPJzy2-La6fb_W7lg/getUpdates "HTTP/1.1 200 OK"
2026-07-22 18:29:25,562 - httpx - INFO - HTTP Request: POST https://api.telegram.org/bot8770076033:AAGNZ-Obug4bN_Yb_MzPJzy2-La6fb_W7lg/getUpdates "HTTP/1.1 200 OK"
2026-07-22 18:29:35,650 - httpx - INFO - HTTP Request: POST https://api.telegram.org/bot8770076033:AAGNZ-Obug4bN_Yb_MzPJzy2-La6fb_W7lg/getUpdates "HTTP/1.1 200 OK"
2026-07-22 18:29:45,738 - httpx - INFO - HTTP Request: POST https://api.telegram.org/bot8770076033:AAGNZ-Obug4bN_Yb_MzPJzy2-La6fb_W7lg/getUpdates "HTTP/1.1 200 OK"
2026-07-22 18:29:55,843 - httpx - INFO - HTTP Request: POST https://api.telegram.org/bot8770076033:AAGNZ-Obug4bN_Yb_MzPJzy2-La6fb_W7lg/getUpdates "HTTP/1.1 200 OK"
2026-07-22 18:30:05,933 - httpx - INFO - HTTP Request: POST https://api.telegram.org/bot8770076033:AAGNZ-Obug4bN_Yb_MzPJzy2-La6fb_W7lg/getUpdates "HTTP/1.1 200 OK"
2026-07-22 18:30:16,020 - httpx - INFO - HTTP Request: POST https://api.telegram.org/bot8770076033:AAGNZ-Obug4bN_Yb_MzPJzy2-La6fb_W7lg/getUpdates "HTTP/1.1 200 OK"
2026-07-22 18:30:26,106 - httpx - INFO - HTTP Request: POST https://api.telegram.org/bot8770076033:AAGNZ-Obug4bN_Yb_MzPJzy2-La6fb_W7lg/getUpdates "HTTP/1.1 200 OK"
2026-07-22 18:30:36,202 - httpx - INFO - HTTP Request: POST https://api.telegram.org/bot8770076033:AAGNZ-Obug4bN_Yb_MzPJzy2-La6fb_W7lg/getUpdates "HTTP/1.1 200 OK"
2026-07-22 18:30:46,287 - httpx - INFO - HTTP Request: POST https://api.telegram.org/bot8770076033:AAGNZ-Obug4bN_Yb_MzPJzy2-La6fb_W7lg/getUpdates "HTTP/1.1 200 OK"
2026-07-22 18:30:56,372 - httpx - INFO - HTTP Request: POST https://api.telegram.org/bot8770076033:AAGNZ-Obug4bN_Yb_MzPJzy2-La6fb_W7lg/getUpdates "HTTP/1.1 200 OK"
2026-07-22 18:31:06,455 - httpx - INFO - HTTP Request: POST https://api.telegram.org/bot8770076033:AAGNZ-Obug4bN_Yb_MzPJzy2-La6fb_W7lg/getUpdates "HTTP/1.1 200 OK"
2026-07-22 18:31:16,540 - httpx - INFO - HTTP Request: POST https://api.telegram.org/bot8770076033:AAGNZ-Obug4bN_Yb_MzPJzy2-La6fb_W7lg/getUpdates "HTTP/1.1 200 OK"
2026-07-22 18:31:26,627 - httpx - INFO - HTTP Request: POST https://api.telegram.org/bot8770076033:AAGNZ-Obug4bN_Yb_MzPJzy2-La6fb_W7lg/getUpdates "HTTP/1.1 200 OK"
2026-07-22 18:31:36,710 - httpx - INFO - HTTP Request: POST https://api.telegram.org/bot8770076033:AAGNZ-Obug4bN_Yb_MzPJzy2-La6fb_W7lg/getUpdates "HTTP/1.1 200 OK"
2026-07-22 18:31:46,794 - httpx - INFO - HTTP Request: POST https://api.telegram.org/bot8770076033:AAGNZ-Obug4bN_Yb_MzPJzy2-La6fb_W7lg/getUpdates "HTTP/1.1 200 OK"
2026-07-22 18:31:56,880 - httpx - INFO - HTTP Request: POST https://api.telegram.org/bot8770076033:AAGNZ-Obug4bN_Yb_MzPJzy2-La6fb_W7lg/getUpdates "HTTP/1.1 200 OK"
2026-07-22 18:32:06,965 - httpx - INFO - HTTP Request: POST https://api.telegram.org/bot8770076033:AAGNZ-Obug4bN_Yb_MzPJzy2-La6fb_W7lg/getUpdates "HTTP/1.1 200 OK"
2026-07-22 18:32:17,053 - httpx - INFO - HTTP Request: POST https://api.telegram.org/bot8770076033:AAGNZ-Obug4bN_Yb_MzPJzy2-La6fb_W7lg/getUpdates "HTTP/1.1 200 OK"
2026-07-22 18:32:27,171 - httpx - INFO - HTTP Request: POST https://api.telegram.org/bot8770076033:AAGNZ-Obug4bN_Yb_MzPJzy2-La6fb_W7lg/getUpdates "HTTP/1.1 200 OK"
2026-07-22 18:32:37,267 - httpx - INFO - HTTP Request: POST https://api.telegram.org/bot8770076033:AAGNZ-Obug4bN_Yb_MzPJzy2-La6fb_W7lg/getUpdates "HTTP/1.1 200 OK"
2026-07-22 18:32:47,353 - httpx - INFO - HTTP Request: POST https://api.telegram.org/bot8770076033:AAGNZ-Obug4bN_Yb_MzPJzy2-La6fb_W7lg/getUpdates "HTTP/1.1 200 OK"
2026-07-22 18:32:57,439 - httpx - INFO - HTTP Request: POST https://api.telegram.org/bot8770076033:AAGNZ-Obug4bN_Yb_MzPJzy2-La6fb_W7lg/getUpdates "HTTP/1.1 200 OK"
2026-07-22 18:33:07,527 - httpx - INFO - HTTP Request: POST https://api.telegram.org/bot8770076033:AAGNZ-Obug4bN_Yb_MzPJzy2-La6fb_W7lg/getUpdates "HTTP/1.1 200 OK"
2026-07-22 18:33:17,611 - httpx - INFO - HTTP Request: POST https://api.telegram.org/bot8770076033:AAGNZ-Obug4bN_Yb_MzPJzy2-La6fb_W7lg/getUpdates "HTTP/1.1 200 OK"
2026-07-22 18:33:27,694 - httpx - INFO - HTTP Request: POST https://api.telegram.org/bot8770076033:AAGNZ-Obug4bN_Yb_MzPJzy2-La6fb_W7lg/getUpdates "HTTP/1.1 200 OK"
2026-07-22 18:33:37,782 - httpx - INFO - HTTP Request: POST https://api.telegram.org/bot8770076033:AAGNZ-Obug4bN_Yb_MzPJzy2-La6fb_W7lg/getUpdates "HTTP/1.1 200 OK"
2026-07-22 18:33:47,868 - httpx - INFO - HTTP Request: POST https://api.telegram.org/bot8770076033:AAGNZ-Obug4bN_Yb_MzPJzy2-La6fb_W7lg/getUpdates "HTTP/1.1 200 OK"
2026-07-22 18:33:57,952 - httpx - INFO - HTTP Request: POST https://api.telegram.org/bot8770076033:AAGNZ-Obug4bN_Yb_MzPJzy2-La6fb_W7lg/getUpdates "HTTP/1.1 200 OK"
2026-07-22 18:34:08,042 - httpx - INFO - HTTP Request: POST https://api.telegram.org/bot8770076033:AAGNZ-Obug4bN_Yb_MzPJzy2-La6fb_W7lg/getUpdates "HTTP/1.1 200 OK"
2026-07-22 18:34:18,130 - httpx - INFO - HTTP Request: POST https://api.telegram.org/bot8770076033:AAGNZ-Obug4bN_Yb_MzPJzy2-La6fb_W7lg/getUpdates "HTTP/1.1 200 OK"
2026-07-22 18:34:28,220 - httpx - INFO - HTTP Request: POST https://api.telegram.org/bot8770076033:AAGNZ-Obug4bN_Yb_MzPJzy2-La6fb_W7lg/getUpdates "HTTP/1.1 200 OK"
2026-07-22 18:34:38,304 - httpx - INFO - HTTP Request: POST https://api.telegram.org/bot8770076033:AAGNZ-Obug4bN_Yb_MzPJzy2-La6fb_W7lg/getUpdates "HTTP/1.1 200 OK"
2026-07-22 18:34:48,392 - httpx - INFO - HTTP Request: POST https://api.telegram.org/bot8770076033:AAGNZ-Obug4bN_Yb_MzPJzy2-La6fb_W7lg/getUpdates "HTTP/1.1 200 OK"
2026-07-22 18:34:58,480 - httpx - INFO - HTTP Request: POST https://api.telegram.org/bot8770076033:AAGNZ-Obug4bN_Yb_MzPJzy2-La6fb_W7lg/getUpdates "HTTP/1.1 200 OK"
2026-07-22 18:35:08,591 - httpx - INFO - HTTP Request: POST https://api.telegram.org/bot8770076033:AAGNZ-Obug4bN_Yb_MzPJzy2-La6fb_W7lg/getUpdates "HTTP/1.1 200 OK"
2026-07-22 18:35:18,678 - httpx - INFO - HTTP Request: POST https://api.telegram.org/bot8770076033:AAGNZ-Obug4bN_Yb_MzPJzy2-La6fb_W7lg/getUpdates "HTTP/1.1 200 OK"
2026-07-22 18:35:28,762 - httpx - INFO - HTTP Request: POST https://api.telegram.org/bot8770076033:AAGNZ-Obug4bN_Yb_MzPJzy2-La6fb_W7lg/getUpdates "HTTP/1.1 200 OK"
2026-07-22 18:35:38,844 - httpx - INFO - HTTP Request: POST https://api.telegram.org/bot8770076033:AAGNZ-Obug4bN_Yb_MzPJzy2-La6fb_W7lg/getUpdates "HTTP/1.1 200 OK"
2026-07-22 18:35:48,926 - httpx - INFO - HTTP Request: POST https://api.telegram.org/bot8770076033:AAGNZ-Obug4bN_Yb_MzPJzy2-La6fb_W7lg/getUpdates "HTTP/1.1 200 OK"
2026-07-22 18:35:59,010 - httpx - INFO - HTTP Request: POST https://api.telegram.org/bot8770076033:AAGNZ-Obug4bN_Yb_MzPJzy2-La6fb_W7lg/getUpdates "HTTP/1.1 200 OK"
2026-07-22 18:36:09,095 - httpx - INFO - HTTP Request: POST https://api.telegram.org/bot8770076033:AAGNZ-Obug4bN_Yb_MzPJzy2-La6fb_W7lg/getUpdates "HTTP/1.1 200 OK"
2026-07-22 18:36:19,183 - httpx - INFO - HTTP Request: POST https://api.telegram.org/bot8770076033:AAGNZ-Obug4bN_Yb_MzPJzy2-La6fb_W7lg/getUpdates "HTTP/1.1 200 OK"
2026-07-22 18:36:29,268 - httpx - INFO - HTTP Request: POST https://api.telegram.org/bot8770076033:AAGNZ-Obug4bN_Yb_MzPJzy2-La6fb_W7lg/getUpdates "HTTP/1.1 200 OK"
2026-07-22 18:36:39,353 - httpx - INFO - HTTP Request: POST https://api.telegram.org/bot8770076033:AAGNZ-Obug4bN_Yb_MzPJzy2-La6fb_W7lg/getUpdates "HTTP/1.1 200 OK"
2026-07-22 18:36:49,438 - httpx - INFO - HTTP Request: POST https://api.telegram.org/bot8770076033:AAGNZ-Obug4bN_Yb_MzPJzy2-La6fb_W7lg/getUpdates "HTTP/1.1 200 OK"
2026-07-22 18:36:59,529 - httpx - INFO - HTTP Request: POST https://api.telegram.org/bot8770076033:AAGNZ-Obug4bN_Yb_MzPJzy2-La6fb_W7lg/getUpdates "HTTP/1.1 200 OK"
2026-07-22 18:37:09,613 - httpx - INFO - HTTP Request: POST https://api.telegram.org/bot8770076033:AAGNZ-Obug4bN_Yb_MzPJzy2-La6fb_W7lg/getUpdates "HTTP/1.1 200 OK"
2026-07-22 18:37:19,699 - httpx - INFO - HTTP Request: POST https://api.telegram.org/bot8770076033:AAGNZ-Obug4bN_Yb_MzPJzy2-La6fb_W7lg/getUpdates "HTTP/1.1 200 OK"
2026-07-22 18:37:29,787 - httpx - INFO - HTTP Request: POST https://api.telegram.org/bot8770076033:AAGNZ-Obug4bN_Yb_MzPJzy2-La6fb_W7lg/getUpdates "HTTP/1.1 200 OK"
2026-07-22 18:37:39,882 - httpx - INFO - HTTP Request: POST https://api.telegram.org/bot8770076033:AAGNZ-Obug4bN_Yb_MzPJzy2-La6fb_W7lg/getUpdates "HTTP/1.1 200 OK"
2026-07-22 18:37:49,977 - httpx - INFO - HTTP Request: POST https://api.telegram.org/bot8770076033:AAGNZ-Obug4bN_Yb_MzPJzy2-La6fb_W7lg/getUpdates "HTTP/1.1 200 OK"
2026-07-22 18:38:00,059 - httpx - INFO - HTTP Request: POST https://api.telegram.org/bot8770076033:AAGNZ-Obug4bN_Yb_MzPJzy2-La6fb_W7lg/getUpdates "HTTP/1.1 200 OK"
2026-07-22 18:38:10,145 - httpx - INFO - HTTP Request: POST https://api.telegram.org/bot8770076033:AAGNZ-Obug4bN_Yb_MzPJzy2-La6fb_W7lg/getUpdates "HTTP/1.1 200 OK"
2026-07-22 18:38:20,227 - httpx - INFO - HTTP Request: POST https://api.telegram.org/bot8770076033:AAGNZ-Obug4bN_Yb_MzPJzy2-La6fb_W7lg/getUpdates "HTTP/1.1 200 OK"
2026-07-22 18:38:30,313 - httpx - INFO - HTTP Request: POST https://api.telegram.org/bot8770076033:AAGNZ-Obug4bN_Yb_MzPJzy2-La6fb_W7lg/getUpdates "HTTP/1.1 200 OK"
2026-07-22 18:38:40,399 - httpx - INFO - HTTP Request: POST https://api.telegram.org/bot8770076033:AAGNZ-Obug4bN_Yb_MzPJzy2-La6fb_W7lg/getUpdates "HTTP/1.1 200 OK"
2026-07-22 18:38:50,481 - httpx - INFO - HTTP Request: POST https://api.telegram.org/bot8770076033:AAGNZ-Obug4bN_Yb_MzPJzy2-La6fb_W7lg/getUpdates "HTTP/1.1 200 OK"
2026-07-22 18:39:00,565 - httpx - INFO - HTTP Request: POST https://api.telegram.org/bot8770076033:AAGNZ-Obug4bN_Yb_MzPJzy2-La6fb_W7lg/getUpdates "HTTP/1.1 200 OK"
2026-07-22 18:39:10,648 - httpx - INFO - HTTP Request: POST https://api.telegram.org/bot8770076033:AAGNZ-Obug4bN_Yb_MzPJzy2-La6fb_W7lg/getUpdates "HTTP/1.1 200 OK"
2026-07-22 18:39:20,731 - httpx - INFO - HTTP Request: POST https://api.telegram.org/bot8770076033:AAGNZ-Obug4bN_Yb_MzPJzy2-La6fb_W7lg/getUpdates "HTTP/1.1 200 OK"
2026-07-22 18:39:30,817 - httpx - INFO - HTTP Request: POST https://api.telegram.org/bot8770076033:AAGNZ-Obug4bN_Yb_MzPJzy2-La6fb_W7lg/getUpdates "HTTP/1.1 200 OK"
2026-07-22 18:39:40,901 - httpx - INFO - HTTP Request: POST https://api.telegram.org/bot8770076033:AAGNZ-Obug4bN_Yb_MzPJzy2-La6fb_W7lg/getUpdates "HTTP/1.1 200 OK"
2026-07-22 18:39:50,990 - httpx - INFO - HTTP Request: POST https://api.telegram.org/bot8770076033:AAGNZ-Obug4bN_Yb_MzPJzy2-La6fb_W7lg/getUpdates "HTTP/1.1 200 OK"
2026-07-22 18:40:01,076 - httpx - INFO - HTTP Request: POST https://api.telegram.org/bot8770076033:AAGNZ-Obug4bN_Yb_MzPJzy2-La6fb_W7lg/getUpdates "HTTP/1.1 200 OK"
2026-07-22 18:40:11,160 - httpx - INFO - HTTP Request: POST https://api.telegram.org/bot8770076033:AAGNZ-Obug4bN_Yb_MzPJzy2-La6fb_W7lg/getUpdates "HTTP/1.1 200 OK"
2026-07-22 18:40:21,252 - httpx - INFO - HTTP Request: POST https://api.telegram.org/bot8770076033:AAGNZ-Obug4bN_Yb_MzPJzy2-La6fb_W7lg/getUpdates "HTTP/1.1 200 OK"
2026-07-22 18:40:31,335 - httpx - INFO - HTTP Request: POST https://api.telegram.org/bot8770076033:AAGNZ-Obug4bN_Yb_MzPJzy2-La6fb_W7lg/getUpdates "HTTP/1.1 200 OK"
2026-07-22 18:40:41,420 - httpx - INFO - HTTP Request: POST https://api.telegram.org/bot8770076033:AAGNZ-Obug4bN_Yb_MzPJzy2-La6fb_W7lg/getUpdates "HTTP/1.1 200 OK"
2026-07-22 18:40:51,502 - httpx - INFO - HTTP Request: POST https://api.telegram.org/bot8770076033:AAGNZ-Obug4bN_Yb_MzPJzy2-La6fb_W7lg/getUpdates "HTTP/1.1 200 OK"
2026-07-22 18:41:01,589 - httpx - INFO - HTTP Request: POST https://api.telegram.org/bot8770076033:AAGNZ-Obug4bN_Yb_MzPJzy2-La6fb_W7lg/getUpdates "HTTP/1.1 200 OK"
2026-07-22 18:41:11,677 - httpx - INFO - HTTP Request: POST https://api.telegram.org/bot8770076033:AAGNZ-Obug4bN_Yb_MzPJzy2-La6fb_W7lg/getUpdates "HTTP/1.1 200 OK"
2026-07-22 18:41:21,763 - httpx - INFO - HTTP Request: POST https://api.telegram.org/bot8770076033:AAGNZ-Obug4bN_Yb_MzPJzy2-La6fb_W7lg/getUpdates "HTTP/1.1 200 OK"
2026-07-22 18:41:31,849 - httpx - INFO - HTTP Request: POST https://api.telegram.org/bot8770076033:AAGNZ-Obug4bN_Yb_MzPJzy2-La6fb_W7lg/getUpdates "HTTP/1.1 200 OK"
2026-07-22 18:41:41,934 - httpx - INFO - HTTP Request: POST https://api.telegram.org/bot8770076033:AAGNZ-Obug4bN_Yb_MzPJzy2-La6fb_W7lg/getUpdates "HTTP/1.1 200 OK"
2026-07-22 18:41:52,016 - httpx - INFO - HTTP Request: POST https://api.telegram.org/bot8770076033:AAGNZ-Obug4bN_Yb_MzPJzy2-La6fb_W7lg/getUpdates "HTTP/1.1 200 OK"
2026-07-22 18:42:02,111 - httpx - INFO - HTTP Request: POST https://api.telegram.org/bot8770076033:AAGNZ-Obug4bN_Yb_MzPJzy2-La6fb_W7lg/getUpdates "HTTP/1.1 200 OK"
2026-07-22 18:42:12,201 - httpx - INFO - HTTP Request: POST https://api.telegram.org/bot8770076033:AAGNZ-Obug4bN_Yb_MzPJzy2-La6fb_W7lg/getUpdates "HTTP/1.1 200 OK"
2026-07-22 18:42:22,286 - httpx - INFO - HTTP Request: POST https://api.telegram.org/bot8770076033:AAGNZ-Obug4bN_Yb_MzPJzy2-La6fb_W7lg/getUpdates "HTTP/1.1 200 OK"
2026-07-22 18:42:32,372 - httpx - INFO - HTTP Request: POST https://api.telegram.org/bot8770076033:AAGNZ-Obug4bN_Yb_MzPJzy2-La6fb_W7lg/getUpdates "HTTP/1.1 200 OK"
2026-07-22 18:42:42,455 - httpx - INFO - HTTP Request: POST https://api.telegram.org/bot8770076033:AAGNZ-Obug4bN_Yb_MzPJzy2-La6fb_W7lg/getUpdates "HTTP/1.1 200 OK"
2026-07-22 18:42:52,544 - httpx - INFO - HTTP Request: POST https://api.telegram.org/bot8770076033:AAGNZ-Obug4bN_Yb_MzPJzy2-La6fb_W7lg/getUpdates "HTTP/1.1 200 OK"
2026-07-22 18:43:02,630 - httpx - INFO - HTTP Request: POST https://api.telegram.org/bot8770076033:AAGNZ-Obug4bN_Yb_MzPJzy2-La6fb_W7lg/getUpdates "HTTP/1.1 200 OK"
2026-07-22 18:43:12,719 - httpx - INFO - HTTP Request: POST https://api.telegram.org/bot8770076033:AAGNZ-Obug4bN_Yb_MzPJzy2-La6fb_W7lg/getUpdates "HTTP/1.1 200 OK"
2026-07-22 18:43:22,801 - httpx - INFO - HTTP Request: POST https://api.telegram.org/bot8770076033:AAGNZ-Obug4bN_Yb_MzPJzy2-La6fb_W7lg/getUpdates "HTTP/1.1 200 OK"
2026-07-22 18:43:32,894 - httpx - INFO - HTTP Request: POST https://api.telegram.org/bot8770076033:AAGNZ-Obug4bN_Yb_MzPJzy2-La6fb_W7lg/getUpdates "HTTP/1.1 200 OK"
2026-07-22 18:43:42,979 - httpx - INFO - HTTP Request: POST https://api.telegram.org/bot8770076033:AAGNZ-Obug4bN_Yb_MzPJzy2-La6fb_W7lg/getUpdates "HTTP/1.1 200 OK"
2026-07-22 18:43:53,072 - httpx - INFO - HTTP Request: POST https://api.telegram.org/bot8770076033:AAGNZ-Obug4bN_Yb_MzPJzy2-La6fb_W7lg/getUpdates "HTTP/1.1 200 OK"
2026-07-22 18:44:03,163 - httpx - INFO - HTTP Request: POST https://api.telegram.org/bot8770076033:AAGNZ-Obug4bN_Yb_MzPJzy2-La6fb_W7lg/getUpdates "HTTP/1.1 200 OK"
2026-07-22 18:44:13,245 - httpx - INFO - HTTP Request: POST https://api.telegram.org/bot8770076033:AAGNZ-Obug4bN_Yb_MzPJzy2-La6fb_W7lg/getUpdates "HTTP/1.1 200 OK"
2026-07-22 18:44:23,330 - httpx - INFO - HTTP Request: POST https://api.telegram.org/bot8770076033:AAGNZ-Obug4bN_Yb_MzPJzy2-La6fb_W7lg/getUpdates "HTTP/1.1 200 OK"
2026-07-22 18:44:33,415 - httpx - INFO - HTTP Request: POST https://api.telegram.org/bot8770076033:AAGNZ-Obug4bN_Yb_MzPJzy2-La6fb_W7lg/getUpdates "HTTP/1.1 200 OK"
